<?xml version="1.0" encoding="UTF-8"?>
<!-- Generated by org.testng.reporters.JUnitXMLReporter -->
<testsuite hostname="CabinPC" ignored="0" name="Add Delete Stock Test" tests="2" failures="0" timestamp="18 Apr 2018 09:51:03 GMT" time="0.231" errors="0">
  <testcase name="addStockTest" time="0.001" classname="com.qtpselenium.rediff.hybrid.testcases.stocksuite.AddDelStockTest">
    <skipped/>
  </testcase> <!-- addStockTest -->
  <testcase name="deleteStockTest" time="0.001" classname="com.qtpselenium.rediff.hybrid.testcases.stocksuite.AddDelStockTest">
    <skipped/>
  </testcase> <!-- deleteStockTest -->
</testsuite> <!-- Add Delete Stock Test -->
