<?xml version="1.0" encoding="UTF-8"?>
<!-- Generated by org.testng.reporters.JUnitXMLReporter -->
<testsuite hostname="CabinPC" ignored="0" name="Portfolio Test" tests="3" failures="0" timestamp="18 Apr 2018 09:51:03 GMT" time="2.16" errors="0">
  <testcase name="createPortFolioTest" time="0.023" classname="com.qtpselenium.rediff.hybrid.testcases.portfoliosuite.PortFolioTest">
    <skipped/>
  </testcase> <!-- createPortFolioTest -->
  <testcase name="createPortFolioTest" time="0.001" classname="com.qtpselenium.rediff.hybrid.testcases.portfoliosuite.PortFolioTest">
    <skipped/>
  </testcase> <!-- createPortFolioTest -->
  <testcase name="deletePortFolioTest" time="0.0" classname="com.qtpselenium.rediff.hybrid.testcases.portfoliosuite.PortFolioTest">
    <skipped/>
  </testcase> <!-- deletePortFolioTest -->
</testsuite> <!-- Portfolio Test -->
